07-ScrollView/app/build/outputs/logs/manifest-merger-debug-report.txt
-- Merging decision tree log ---
manifest
ADDED from AndroidManifest.xml:2:1
	xmlns:android
		ADDED from AndroidManifest.xml:2:11
	package
		ADDED from AndroidManifest.xml:3:2
	android:versionName
		ADDED from AndroidManifest.xml:5:2
	android:versionCode
		ADDED from AndroidManifest.xml:4:2
		INJECTED from AndroidManifest.xml:0:0
		INJECTED from AndroidManifest.xml:0:0
supports-screens
ADDED from AndroidManifest.xml:7:2
	android:largeScreens
		ADDED from AndroidManifest.xml:9:3
	android:anyDensity
		ADDED from AndroidManifest.xml:8:3
	android:normalScreens
		ADDED from AndroidManifest.xml:10:3
	android:smallScreens
		ADDED from AndroidManifest.xml:11:3
uses-sdk
ADDED from AndroidManifest.xml:13:2
	android:targetSdkVersion
		ADDED from AndroidManifest.xml:15:3
	android:minSdkVersion
		ADDED from AndroidManifest.xml:14:3
application
ADDED from AndroidManifest.xml:17:2
	android:icon
		ADDED from AndroidManifest.xml:17:15
activity#com.commonsware.android.scroll.ScrollViewDemo
ADDED from AndroidManifest.xml:18:3
	android:label
		ADDED from AndroidManifest.xml:20:4
	android:name
		ADDED from AndroidManifest.xml:19:4
intent-filter#android.intent.action.MAIN+android.intent.category.LAUNCHER
ADDED from AndroidManifest.xml:21:4
action#android.intent.action.MAIN
ADDED from AndroidManifest.xml:22:5
	android:name
		ADDED from AndroidManifest.xml:22:13
category#android.intent.category.LAUNCHER
ADDED from AndroidManifest.xml:24:5
	android:name
		ADDED from AndroidManifest.xml:24:15